2025-08-07 16:20:46,531 - ERROR - url: http://rihou.cc:567/gggg.nzk 爬取失败❌, Error: HTTPConnectionPool(host='rihou.cc', port=567): Max retries exceeded with url: /gggg.nzk (Caused by ConnectTimeoutError(<urllib3.connection.HTTPConnection object at 0x7f8345e43220>, 'Connection to rihou.cc timed out. (connect timeout=None)'))
2025-08-07 16:20:47,518 - ERROR - url: https://gh.tryxd.cn/https://raw.githubusercontent.com/alantang1977/JunTV/main/output/user_result.txt 爬取失败❌, Error: 502 Server Error: Bad Gateway for url: https://gh.tryxd.cn/https://raw.githubusercontent.com/alantang1977/JunTV/main/output/user_result.txt
2025-08-07 16:20:48,865 - ERROR - url: https://gh.tryxd.cn/https://raw.githubusercontent.com/alantang1977/IPTV/main/live_ipv4.txt 爬取失败❌, Error: 502 Server Error: Bad Gateway for url: https://gh.tryxd.cn/https://raw.githubusercontent.com/alantang1977/IPTV/main/live_ipv4.txt
2025-08-07 16:20:49,823 - ERROR - url: https://gh.tryxd.cn/https://raw.githubusercontent.com/kimwang1978/collect-tv-txt/main/merged_output.txthttps://jihulab.com/ss3234741/sj/-/raw/08d403ffdae978471cd3204a1d89a64781447b4c/lib/tzlink.php 爬取失败❌, Error: 502 Server Error: Bad Gateway for url: https://gh.tryxd.cn/https://raw.githubusercontent.com/kimwang1978/collect-tv-txt/main/merged_output.txthttps://jihulab.com/ss3234741/sj/-/raw/08d403ffdae978471cd3204a1d89a64781447b4c/lib/tzlink.php
2025-08-07 16:20:50,643 - INFO - url: https://live.zbds.top/tv/iptv6.txt 获取成功，判断为txt格式
2025-08-07 16:20:50,644 - INFO - url: https://live.zbds.top/tv/iptv6.txt 爬取成功✅，包含频道分类: 央视频道, 卫视频道, 电影频道, 地方频道, 体育频道, 更新时间
2025-08-07 16:20:51,683 - INFO - url: https://live.zbds.top/tv/iptv4.txt 获取成功，判断为txt格式
2025-08-07 16:20:51,687 - INFO - url: https://live.zbds.top/tv/iptv4.txt 爬取成功✅，包含频道分类: 央视频道, 卫视频道, 电影频道, 数字频道, 儿童频道, 地方频道, 纪录频道, 体育频道, 解说频道, 音乐频道, 春晚频道, 更新时间
2025-08-07 16:20:53,074 - INFO - url: http://live.nctv.top/xj.txt 获取成功，判断为txt格式
2025-08-07 16:20:53,081 - INFO - url: http://live.nctv.top/xj.txt 爬取成功✅，包含频道分类: 📡  江西频道, 🇨🇳虎牙直播, 🇨🇳斗鱼直播, 🇨🇳电视剧轮播, 🇨🇳 YY频道, 🇨🇳埋堆堆（港剧）, 🇨🇳 NewTV, 📡  香港频道, 📡  新闻频道p2p
2025-08-07 16:20:53,242 - INFO - url: http://aktv.space/live.m3u 获取成功，判断为m3u格式
2025-08-07 16:20:54,280 - ERROR - url: https://gh.tryxd.cn/https://raw.githubusercontent.com/alantang1977/JunTV/refs/heads/main/output/result.txt 爬取失败❌, Error: 502 Server Error: Bad Gateway for url: https://gh.tryxd.cn/https://raw.githubusercontent.com/alantang1977/JunTV/refs/heads/main/output/result.txt
2025-08-07 16:20:55,145 - ERROR - url: https://gh.tryxd.cn/https://raw.githubusercontent.com/ssili126/tv/main/itvlist.m3u 爬取失败❌, Error: 502 Server Error: Bad Gateway for url: https://gh.tryxd.cn/https://raw.githubusercontent.com/ssili126/tv/main/itvlist.m3u
2025-08-07 16:20:55,985 - INFO - url: https://live.zbds.top/tv/iptv4.txt 获取成功，判断为txt格式
2025-08-07 16:20:55,989 - INFO - url: https://live.zbds.top/tv/iptv4.txt 爬取成功✅，包含频道分类: 央视频道, 卫视频道, 电影频道, 数字频道, 儿童频道, 地方频道, 纪录频道, 体育频道, 解说频道, 音乐频道, 春晚频道, 更新时间
2025-08-07 16:20:58,969 - INFO - url: https://gitee.com/xxy002/zhiboyuan/raw/master/dsy 获取成功，判断为txt格式
2025-08-07 16:20:58,969 - INFO - url: https://gitee.com/xxy002/zhiboyuan/raw/master/dsy 爬取成功✅，包含频道分类: 央视频道, 卫视频道, 港澳台
2025-08-07 16:21:00,057 - ERROR - url: https://gh.tryxd.cn/https://raw.githubusercontent.com/big-mouth-cn/tv/main/iptv-ok.m3u 爬取失败❌, Error: 502 Server Error: Bad Gateway for url: https://gh.tryxd.cn/https://raw.githubusercontent.com/big-mouth-cn/tv/main/iptv-ok.m3u
2025-08-07 16:21:00,538 - ERROR - url: https://codeberg.org/alfredisme/mytvsources/raw/branch/main/mylist-ipv6.m3u 爬取失败❌, Error: 404 Client Error: Not Found for url: https://codeberg.org/alfredisme/mytvsources/raw/branch/main/mylist-ipv6.m3u
2025-08-07 16:21:01,626 - ERROR - url: https://gh.tryxd.cn/https://raw.githubusercontent.com/lalifeier/IPTV/main/m3u/IPTV.m3u 爬取失败❌, Error: 502 Server Error: Bad Gateway for url: https://gh.tryxd.cn/https://raw.githubusercontent.com/lalifeier/IPTV/main/m3u/IPTV.m3u
2025-08-07 16:21:02,582 - ERROR - url: https://gh.tryxd.cn/https://raw.githubusercontent.com/wwb521/live/main/tv.m3u 爬取失败❌, Error: 502 Server Error: Bad Gateway for url: https://gh.tryxd.cn/https://raw.githubusercontent.com/wwb521/live/main/tv.m3u
2025-08-07 16:21:03,719 - ERROR - url: https://gh.tryxd.cn/https://raw.githubusercontent.com/asdjkl6/tv/tv/.m3u/整套直播源/测试/整套直播源/l.txt 爬取失败❌, Error: 502 Server Error: Bad Gateway for url: https://gh.tryxd.cn/https://raw.githubusercontent.com/asdjkl6/tv/tv/.m3u/%E6%95%B4%E5%A5%97%E7%9B%B4%E6%92%AD%E6%BA%90/%E6%B5%8B%E8%AF%95/%E6%95%B4%E5%A5%97%E7%9B%B4%E6%92%AD%E6%BA%90/l.txt
2025-08-07 16:21:04,777 - ERROR - url: https://gh.tryxd.cn/https://raw.githubusercontent.com/asdjkl6/tv/tv/.m3u/整套直播源/测试/整套直播源/kk.txt 爬取失败❌, Error: 502 Server Error: Bad Gateway for url: https://gh.tryxd.cn/https://raw.githubusercontent.com/asdjkl6/tv/tv/.m3u/%E6%95%B4%E5%A5%97%E7%9B%B4%E6%92%AD%E6%BA%90/%E6%B5%8B%E8%AF%95/%E6%95%B4%E5%A5%97%E7%9B%B4%E6%92%AD%E6%BA%90/kk.txt
2025-08-07 16:21:05,663 - ERROR - url: https://gh.tryxd.cn/https://raw.githubusercontent.com/suxuang/myIPTV/main/ipv6.m3u 爬取失败❌, Error: 502 Server Error: Bad Gateway for url: https://gh.tryxd.cn/https://raw.githubusercontent.com/suxuang/myIPTV/main/ipv6.m3u
2025-08-07 16:21:06,699 - ERROR - url: https://gh.tryxd.cn/https://raw.githubusercontent.com/Guovin/iptv-api/gd/output/result.m3u 爬取失败❌, Error: 502 Server Error: Bad Gateway for url: https://gh.tryxd.cn/https://raw.githubusercontent.com/Guovin/iptv-api/gd/output/result.m3u
2025-08-07 16:21:07,855 - ERROR - url: https://gh.tryxd.cn/https://raw.githubusercontent.com/yuanzl77/IPTV/main/live.m3u 爬取失败❌, Error: 502 Server Error: Bad Gateway for url: https://gh.tryxd.cn/https://raw.githubusercontent.com/yuanzl77/IPTV/main/live.m3u
2025-08-07 16:21:08,845 - ERROR - url: https://gh.tryxd.cn/https://raw.githubusercontent.com/YanG-1989/m3u/main/Gather.m3u 爬取失败❌, Error: 502 Server Error: Bad Gateway for url: https://gh.tryxd.cn/https://raw.githubusercontent.com/YanG-1989/m3u/main/Gather.m3u
2025-08-07 16:21:09,953 - ERROR - url: https://gh.tryxd.cn/https://raw.githubusercontent.com/YueChan/Live/refs/heads/main/APTV.m3u 爬取失败❌, Error: 502 Server Error: Bad Gateway for url: https://gh.tryxd.cn/https://raw.githubusercontent.com/YueChan/Live/refs/heads/main/APTV.m3u
2025-08-07 16:21:10,845 - ERROR - url: https://gh.tryxd.cn/https://raw.githubusercontent.com/Kimentanm/aptv/master/m3u/iptv.m3u 爬取失败❌, Error: 502 Server Error: Bad Gateway for url: https://gh.tryxd.cn/https://raw.githubusercontent.com/Kimentanm/aptv/master/m3u/iptv.m3u
2025-08-07 16:21:11,209 - ERROR - url: http://xhztv.top/new.txt 爬取失败❌, Error: 404 Client Error: Not Found for url: http://xhztv.top/new.txt
2025-08-07 16:21:12,363 - ERROR - url: https://gh.tryxd.cn/https://raw.githubusercontent.com/Guovin/TV/gd/output/result.txt 爬取失败❌, Error: 502 Server Error: Bad Gateway for url: https://gh.tryxd.cn/https://raw.githubusercontent.com/Guovin/TV/gd/output/result.txt
2025-08-07 16:21:13,720 - INFO - url: http://home.jundie.top:81/Cat/tv/live.txt 获取成功，判断为txt格式
2025-08-07 16:21:13,724 - INFO - url: http://home.jundie.top:81/Cat/tv/live.txt 爬取成功✅，包含频道分类: 📺央视频道, 💰央视付费频道, 📡卫视频道, ☘️广东频道, ☘️浙江频道, ☘️北京频道, ☘️上海频道, ☘️重庆频道, ☘️江苏频道, ☘️辽宁频道, ☘️湖南频道, ☘️湖北频道, ☘️广西频道, ☘️天津频道, ☘️四川频道, ☘️陕西频道, ☘️福建频道, ☘️河南频道, ☘️河北频道, ☘️贵州频道, ☘️甘肃频道, ☘️新疆频道, ☘️山东频道, ☘️山西频道, ☘️安徽频道, ☘️宁夏频道, ☘️吉林频道, ☘️云南频道, ☘️青海频道, ☘️黑龙江频道, 🌊港·澳·台, 🎬电影频道, 🎥咪咕直播, 🏀体育频道, 🪁动画频道, 🎮游戏频道, 🎵音乐频道, 🏛经典剧场, 埋堆堆
2025-08-07 16:21:15,083 - ERROR - url: https://gh.tryxd.cn/https://raw.githubusercontent.com/vbskycn/iptv/master/tv/hd.txt 爬取失败❌, Error: 502 Server Error: Bad Gateway for url: https://gh.tryxd.cn/https://raw.githubusercontent.com/vbskycn/iptv/master/tv/hd.txt
2025-08-07 16:21:15,242 - INFO - url: https://live.fanmingming.cn/tv/m3u/ipv6.m3u 获取成功，判断为m3u格式
2025-08-07 16:21:15,242 - INFO - url: https://live.fanmingming.cn/tv/m3u/ipv6.m3u 爬取成功✅，包含频道分类: 央视频道, 卫视频道, 浙江频道, 内蒙频道
2025-08-07 16:21:16,896 - INFO - url: https://live.zhoujie218.top/tv/iptv6.txt 获取成功，判断为txt格式
2025-08-07 16:21:16,897 - INFO - url: https://live.zhoujie218.top/tv/iptv6.txt 爬取成功✅，包含频道分类: 央视频道, 卫视频道, 电影频道, 地方频道, 体育频道, 更新时间
2025-08-07 16:21:16,919 - INFO - url: https://cdn.jsdelivr.net/gh/YueChan/live@main/IPTV.m3u 获取成功，判断为m3u格式
2025-08-07 16:21:16,920 - INFO - url: https://cdn.jsdelivr.net/gh/YueChan/live@main/IPTV.m3u 爬取成功✅，包含频道分类: 央视, 卫视, 地方, 数字
2025-08-07 16:21:17,821 - ERROR - url: https://gh.tryxd.cn/https://raw.githubusercontent.com/cymz6/AutoIPTV-Hotel/main/lives.txt 爬取失败❌, Error: 502 Server Error: Bad Gateway for url: https://gh.tryxd.cn/https://raw.githubusercontent.com/cymz6/AutoIPTV-Hotel/main/lives.txt
2025-08-07 16:21:18,685 - ERROR - url: https://gh.tryxd.cn/https://raw.githubusercontent.com/PizazzGY/TVBox_warehouse/main/live.txt 爬取失败❌, Error: 502 Server Error: Bad Gateway for url: https://gh.tryxd.cn/https://raw.githubusercontent.com/PizazzGY/TVBox_warehouse/main/live.txt
2025-08-07 16:21:19,332 - INFO - url: https://fm1077.serv00.net/SmartTV.m3u 获取成功，判断为m3u格式
2025-08-07 16:21:19,333 - INFO - url: https://fm1077.serv00.net/SmartTV.m3u 爬取成功✅，包含频道分类: 臺灣 Taiwan, 馬來西亞 Malaysia, 新加坡 Singapore, 印尼 Indonesia, 香港 Hongkong, 中國 China, 體育 Sports, 印度 Indian, 電影 Movie, 紀錄 Documentary, 新聞 News, 兒童 Kids, 泰國 Thailand, 英國 United Kingdom, 越南 Vietnam, 韓國 Korea, 日本 Japan
2025-08-07 16:21:20,339 - ERROR - url: https://gh.tryxd.cn/https://raw.githubusercontent.com/joevess/IPTV/main/home.m3u8 爬取失败❌, Error: 502 Server Error: Bad Gateway for url: https://gh.tryxd.cn/https://raw.githubusercontent.com/joevess/IPTV/main/home.m3u8
2025-08-07 16:21:22,070 - INFO - url: https://tv.youdu.fan:666/live/ 获取成功，判断为txt格式
2025-08-07 16:21:22,088 - INFO - url: https://tv.youdu.fan:666/live/ 爬取成功✅，包含频道分类: 🌹防失联, 📡游山玩水, 央视节目, 卫视节目, IPV6央视频道, IPV6卫视频道, 央视频道, 卫视频道, 地方频道, 📡儿童频道, 📡港澳台频道, 📡历届春晚, 📡直播中国, 🌏国际频道, 💞电影频道, 💃丨MTV现代, 📛丨MTV怀旧, 📡测试
2025-08-07 16:21:22,184 - INFO - url: https://m3u.ibert.me/txt/o_cn.txt 获取成功，判断为txt格式
2025-08-07 16:21:22,185 - INFO - url: https://m3u.ibert.me/txt/o_cn.txt 爬取成功✅，包含频道分类: Religious, Undefined, Animation;Kids, News, Business, Kids, Education;Science, General, Music, Education, Documentary, Sports, Lifestyle, Movies, Entertainment, Education;Lifestyle;Science, Comedy, Culture, Kids;Lifestyle, Culture;Education, Outdoor, General;News, Shop, Weather, Family, Science, Legislative
2025-08-07 16:21:22,221 - INFO - url: https://m3u.ibert.me/txt/j_iptv.txt 获取成功，判断为txt格式
2025-08-07 16:21:23,413 - ERROR - url: https://gh.tryxd.cn/https://raw.githubusercontent.com/xzw832/cmys/main/S_CCTV.txt 爬取失败❌, Error: 502 Server Error: Bad Gateway for url: https://gh.tryxd.cn/https://raw.githubusercontent.com/xzw832/cmys/main/S_CCTV.txt
2025-08-07 16:21:24,476 - ERROR - url: https://gh.tryxd.cn/https://raw.githubusercontent.com/xzw832/cmys/main/S_weishi.txt 爬取失败❌, Error: 502 Server Error: Bad Gateway for url: https://gh.tryxd.cn/https://raw.githubusercontent.com/xzw832/cmys/main/S_weishi.txt
2025-08-07 16:21:25,642 - ERROR - url: https://gh.tryxd.cn/https://raw.githubusercontent.com/BurningC4/Chinese-IPTV/master/TV-IPV4.m3u 爬取失败❌, Error: 502 Server Error: Bad Gateway for url: https://gh.tryxd.cn/https://raw.githubusercontent.com/BurningC4/Chinese-IPTV/master/TV-IPV4.m3u
2025-08-07 16:21:26,507 - ERROR - url: https://gh.tryxd.cn/https://raw.githubusercontent.com/joevess/IPTV/main/m3u/iptv.m3u 爬取失败❌, Error: 502 Server Error: Bad Gateway for url: https://gh.tryxd.cn/https://raw.githubusercontent.com/joevess/IPTV/main/m3u/iptv.m3u
2025-08-07 16:21:27,648 - ERROR - url: https://gh.tryxd.cn/https://raw.githubusercontent.com/Ftindy/IPTV-URL/main/IPV6.m3u 爬取失败❌, Error: 502 Server Error: Bad Gateway for url: https://gh.tryxd.cn/https://raw.githubusercontent.com/Ftindy/IPTV-URL/main/IPV6.m3u
2025-08-07 16:21:28,522 - ERROR - url: https://gh.tryxd.cn/https://raw.githubusercontent.com/YanG-1989/m3u/main/Gather.m3u 爬取失败❌, Error: 502 Server Error: Bad Gateway for url: https://gh.tryxd.cn/https://raw.githubusercontent.com/YanG-1989/m3u/main/Gather.m3u
2025-08-07 16:21:29,369 - INFO - url: https://iptv.b2og.com/txt/fmml_ipv6.txt 获取成功，判断为txt格式
2025-08-07 16:21:29,369 - INFO - url: https://iptv.b2og.com/txt/fmml_ipv6.txt 爬取成功✅，包含频道分类: 央视频道, 卫视频道, 浙江频道, 内蒙频道
2025-08-07 16:21:29,735 - ERROR - url: http://xhztv.top/zbc.txt 爬取失败❌, Error: 404 Client Error: Not Found for url: http://xhztv.top/zbc.txt
2025-08-07 16:21:30,793 - ERROR - url: https://gh.tryxd.cn/https://raw.githubusercontent.com/kimwang1978/collect-tv-txt/main/merged_output_simple.txt 爬取失败❌, Error: 502 Server Error: Bad Gateway for url: https://gh.tryxd.cn/https://raw.githubusercontent.com/kimwang1978/collect-tv-txt/main/merged_output_simple.txt
2025-08-07 16:21:31,853 - ERROR - url: https://gh.tryxd.cn/https://raw.githubusercontent.com/SPX372928/MyIPTV/master/黑龙江PLTV移动CDN版.txt 爬取失败❌, Error: 502 Server Error: Bad Gateway for url: https://gh.tryxd.cn/https://raw.githubusercontent.com/SPX372928/MyIPTV/master/%E9%BB%91%E9%BE%99%E6%B1%9FPLTV%E7%A7%BB%E5%8A%A8CDN%E7%89%88.txt
2025-08-07 16:21:32,745 - ERROR - url: https://gh.tryxd.cn/https://raw.githubusercontent.com/qingwen07/awesome-iptv/main/tvbox_live_all.txt 爬取失败❌, Error: 502 Server Error: Bad Gateway for url: https://gh.tryxd.cn/https://raw.githubusercontent.com/qingwen07/awesome-iptv/main/tvbox_live_all.txt
2025-08-07 16:21:33,714 - ERROR - url: https://gh.tryxd.cn/https://raw.githubusercontent.com/kimwang1978/collect-tv-txt/main/merged_output.m3u 爬取失败❌, Error: 502 Server Error: Bad Gateway for url: https://gh.tryxd.cn/https://raw.githubusercontent.com/kimwang1978/collect-tv-txt/main/merged_output.m3u
2025-08-07 16:21:35,160 - INFO - url: https://live.zhoujie218.top/tv/iptv4.txt 获取成功，判断为txt格式
2025-08-07 16:21:35,164 - INFO - url: https://live.zhoujie218.top/tv/iptv4.txt 爬取成功✅，包含频道分类: 央视频道, 卫视频道, 电影频道, 数字频道, 儿童频道, 地方频道, 纪录频道, 体育频道, 解说频道, 音乐频道, 春晚频道, 更新时间
